[27-10-2025 19:25:25] [ERROR] [p.e.u.s.db.DBConnection] No se pudo establecer conexion con la base de datos
com.microsoft.sqlserver.jdbc.SQLServerException: No se pudo realizar la conexión TCP/IP al host BOULANGER, puerto 1433. Error: "Connection refused: getsockopt. Verifique las propiedades de conexión, compruebe que hay una instancia de SQL Server ejecutándose en el host y aceptando las conexiones TCP/IP en el puerto y compruebe que no hay ningún firewall bloqueando las conexiones TCP en el puerto.".
	at com.microsoft.sqlserver.jdbc.SQLServerException.makeFromDriverError(SQLServerException.java:248)
	at com.microsoft.sqlserver.jdbc.SQLServerException.convertConnectExceptionToSQLServerException(SQLServerException.java:314)
	at com.microsoft.sqlserver.jdbc.SocketFinder.findSocket(IOBuffer.java:2593)
	at com.microsoft.sqlserver.jdbc.TDSChannel.open(IOBuffer.java:721)
	at com.microsoft.sqlserver.jdbc.SQLServerConnection.connectHelper(SQLServerConnection.java:4073)
	at com.microsoft.sqlserver.jdbc.SQLServerConnection.login(SQLServerConnection.java:3690)
	at com.microsoft.sqlserver.jdbc.SQLServerConnection.connectInternal(SQLServerConnection.java:3499)
	at com.microsoft.sqlserver.jdbc.SQLServerConnection.connect(SQLServerConnection.java:2207)
	at com.microsoft.sqlserver.jdbc.SQLServerDriver.connect(SQLServerDriver.java:1320)
	at java.sql/java.sql.DriverManager.getConnection(DriverManager.java:682)
	at java.sql/java.sql.DriverManager.getConnection(DriverManager.java:230)
	at pe.edu.utp.sistemaimprenta.db.DBConnection.<init>(DBConnection.java:21)
	at pe.edu.utp.sistemaimprenta.db.DBConnection.getInstance(DBConnection.java:31)
	at pe.edu.utp.sistemaimprenta.dao.UserDao.getConnection(UserDao.java:25)
	at pe.edu.utp.sistemaimprenta.dao.UserDao.validateLogin(UserDao.java:68)
	at pe.edu.utp.sistemaimprenta.controller.LoginController.handleLogin(LoginController.java:65)
	at pe.edu.utp.sistemaimprenta.controller.LoginController.lambda$initialize$0(LoginController.java:43)
	at javafx.base@24/com.sun.javafx.event.CompositeEventHandler.dispatchBubblingEvent(CompositeEventHandler.java:86)
	at javafx.base@24/com.sun.javafx.event.EventHandlerManager.dispatchBubblingEvent(EventHandlerManager.java:232)
	at javafx.base@24/com.sun.javafx.event.EventHandlerManager.dispatchBubblingEvent(EventHandlerManager.java:189)
	at javafx.base@24/com.sun.javafx.event.CompositeEventDispatcher.dispatchBubblingEvent(CompositeEventDispatcher.java:59)
	at javafx.base@24/com.sun.javafx.event.BasicEventDispatcher.dispatchEvent(BasicEventDispatcher.java:58)
	at javafx.base@24/com.sun.javafx.event.EventDispatchChainImpl.dispatchEvent(EventDispatchChainImpl.java:114)
	at javafx.base@24/com.sun.javafx.event.BasicEventDispatcher.dispatchEvent(BasicEventDispatcher.java:56)
	at javafx.base@24/com.sun.javafx.event.EventDispatchChainImpl.dispatchEvent(EventDispatchChainImpl.java:114)
	at javafx.base@24/com.sun.javafx.event.BasicEventDispatcher.dispatchEvent(BasicEventDispatcher.java:56)
	at javafx.base@24/com.sun.javafx.event.EventDispatchChainImpl.dispatchEvent(EventDispatchChainImpl.java:114)
	at javafx.base@24/com.sun.javafx.event.EventUtil.fireEventImpl(EventUtil.java:74)
	at javafx.base@24/com.sun.javafx.event.EventUtil.fireEvent(EventUtil.java:49)
	at javafx.base@24/javafx.event.Event.fireEvent(Event.java:199)
	at javafx.graphics@24/javafx.scene.Node.fireEvent(Node.java:9005)
	at javafx.controls@24/javafx.scene.control.Button.fire(Button.java:203)
	at javafx.controls@24/com.sun.javafx.scene.control.behavior.ButtonBehavior.mouseReleased(ButtonBehavior.java:207)
	at javafx.controls@24/com.sun.javafx.scene.control.inputmap.InputMap.handle(InputMap.java:274)
	at javafx.base@24/com.sun.javafx.event.CompositeEventHandler$NormalEventHandlerRecord.handleBubblingEvent(CompositeEventHandler.java:247)
	at javafx.base@24/com.sun.javafx.event.CompositeEventHandler.dispatchBubblingEvent(CompositeEventHandler.java:80)
	at javafx.base@24/com.sun.javafx.event.EventHandlerManager.dispatchBubblingEvent(EventHandlerManager.java:232)
	at javafx.base@24/com.sun.javafx.event.EventHandlerManager.dispatchBubblingEvent(EventHandlerManager.java:189)
	at javafx.base@24/com.sun.javafx.event.CompositeEventDispatcher.dispatchBubblingEvent(CompositeEventDispatcher.java:59)
	at javafx.base@24/com.sun.javafx.event.BasicEventDispatcher.dispatchEvent(BasicEventDispatcher.java:58)
	at javafx.base@24/com.sun.javafx.event.EventDispatchChainImpl.dispatchEvent(EventDispatchChainImpl.java:114)
	at javafx.base@24/com.sun.javafx.event.BasicEventDispatcher.dispatchEvent(BasicEventDispatcher.java:56)
	at javafx.base@24/com.sun.javafx.event.EventDispatchChainImpl.dispatchEvent(EventDispatchChainImpl.java:114)
	at javafx.base@24/com.sun.javafx.event.BasicEventDispatcher.dispatchEvent(BasicEventDispatcher.java:56)
	at javafx.base@24/com.sun.javafx.event.EventDispatchChainImpl.dispatchEvent(EventDispatchChainImpl.java:114)
	at javafx.base@24/com.sun.javafx.event.EventUtil.fireEventImpl(EventUtil.java:74)
	at javafx.base@24/com.sun.javafx.event.EventUtil.fireEvent(EventUtil.java:54)
	at javafx.base@24/javafx.event.Event.fireEvent(Event.java:199)
	at javafx.graphics@24/javafx.scene.Scene$MouseHandler.process(Scene.java:4005)
	at javafx.graphics@24/javafx.scene.Scene.processMouseEvent(Scene.java:1934)
	at javafx.graphics@24/javafx.scene.Scene$ScenePeerListener.mouseEvent(Scene.java:2763)
	at javafx.graphics@24/com.sun.javafx.tk.quantum.GlassViewEventHandler$MouseEventNotification.get(GlassViewEventHandler.java:352)
	at javafx.graphics@24/com.sun.javafx.tk.quantum.GlassViewEventHandler$MouseEventNotification.get(GlassViewEventHandler.java:254)
	at javafx.graphics@24/com.sun.javafx.tk.quantum.QuantumToolkit.runWithoutRenderLock(QuantumToolkit.java:424)
	at javafx.graphics@24/com.sun.javafx.tk.quantum.GlassViewEventHandler.handleMouseEvent(GlassViewEventHandler.java:386)
	at javafx.graphics@24/com.sun.glass.ui.View.handleMouseEvent(View.java:560)
	at javafx.graphics@24/com.sun.glass.ui.View.notifyMouse(View.java:946)
	at javafx.graphics@24/com.sun.glass.ui.win.WinApplication._runLoop(Native Method)
	at javafx.graphics@24/com.sun.glass.ui.win.WinApplication.lambda$runLoop$0(WinApplication.java:168)
	at java.base/java.lang.Thread.run(Thread.java:1575)
[27-10-2025 20:43:02] [ERROR] [p.e.u.s.db.DBConnection] No se pudo establecer conexion con la base de datos
com.microsoft.sqlserver.jdbc.SQLServerException: No se pudo realizar la conexión TCP/IP al host BOULANGER, puerto 1433. Error: "Connection refused: getsockopt. Verifique las propiedades de conexión, compruebe que hay una instancia de SQL Server ejecutándose en el host y aceptando las conexiones TCP/IP en el puerto y compruebe que no hay ningún firewall bloqueando las conexiones TCP en el puerto.".
	at com.microsoft.sqlserver.jdbc.SQLServerException.makeFromDriverError(SQLServerException.java:248)
	at com.microsoft.sqlserver.jdbc.SQLServerException.convertConnectExceptionToSQLServerException(SQLServerException.java:314)
	at com.microsoft.sqlserver.jdbc.SocketFinder.findSocket(IOBuffer.java:2593)
	at com.microsoft.sqlserver.jdbc.TDSChannel.open(IOBuffer.java:721)
	at com.microsoft.sqlserver.jdbc.SQLServerConnection.connectHelper(SQLServerConnection.java:4073)
	at com.microsoft.sqlserver.jdbc.SQLServerConnection.login(SQLServerConnection.java:3690)
	at com.microsoft.sqlserver.jdbc.SQLServerConnection.connectInternal(SQLServerConnection.java:3499)
	at com.microsoft.sqlserver.jdbc.SQLServerConnection.connect(SQLServerConnection.java:2207)
	at com.microsoft.sqlserver.jdbc.SQLServerDriver.connect(SQLServerDriver.java:1320)
	at java.sql/java.sql.DriverManager.getConnection(DriverManager.java:682)
	at java.sql/java.sql.DriverManager.getConnection(DriverManager.java:230)
	at pe.edu.utp.sistemaimprenta.db.DBConnection.<init>(DBConnection.java:21)
	at pe.edu.utp.sistemaimprenta.db.DBConnection.getInstance(DBConnection.java:31)
	at pe.edu.utp.sistemaimprenta.dao.CustomerDao.getConnection(CustomerDao.java:18)
	at pe.edu.utp.sistemaimprenta.dao.CustomerDao.findAll(CustomerDao.java:103)
	at pe.edu.utp.sistemaimprenta.controller.OrderController.configurarCombos(OrderController.java:160)
	at pe.edu.utp.sistemaimprenta.controller.OrderController.initialize(OrderController.java:125)
	at javafx.fxml@24/javafx.fxml.FXMLLoader.loadImpl(FXMLLoader.java:2640)
	at javafx.fxml@24/javafx.fxml.FXMLLoader.loadImpl(FXMLLoader.java:2533)
	at javafx.fxml@24/javafx.fxml.FXMLLoader.load(FXMLLoader.java:2503)
	at pe.edu.utp.sistemaimprenta.util.ViewLoader.changeMainPanelGetController(ViewLoader.java:93)
	at pe.edu.utp.sistemaimprenta.controller.DashboardController.lambda$createSidebarItem$0(DashboardController.java:127)
	at javafx.base@24/com.sun.javafx.event.CompositeEventHandler.dispatchBubblingEvent(CompositeEventHandler.java:86)
	at javafx.base@24/com.sun.javafx.event.EventHandlerManager.dispatchBubblingEvent(EventHandlerManager.java:232)
	at javafx.base@24/com.sun.javafx.event.EventHandlerManager.dispatchBubblingEvent(EventHandlerManager.java:189)
	at javafx.base@24/com.sun.javafx.event.CompositeEventDispatcher.dispatchBubblingEvent(CompositeEventDispatcher.java:59)
	at javafx.base@24/com.sun.javafx.event.BasicEventDispatcher.dispatchEvent(BasicEventDispatcher.java:58)
	at javafx.base@24/com.sun.javafx.event.EventDispatchChainImpl.dispatchEvent(EventDispatchChainImpl.java:114)
	at javafx.base@24/com.sun.javafx.event.BasicEventDispatcher.dispatchEvent(BasicEventDispatcher.java:56)
	at javafx.base@24/com.sun.javafx.event.EventDispatchChainImpl.dispatchEvent(EventDispatchChainImpl.java:114)
	at javafx.base@24/com.sun.javafx.event.BasicEventDispatcher.dispatchEvent(BasicEventDispatcher.java:56)
	at javafx.base@24/com.sun.javafx.event.EventDispatchChainImpl.dispatchEvent(EventDispatchChainImpl.java:114)
	at javafx.base@24/com.sun.javafx.event.EventUtil.fireEventImpl(EventUtil.java:74)
	at javafx.base@24/com.sun.javafx.event.EventUtil.fireEvent(EventUtil.java:54)
	at javafx.base@24/javafx.event.Event.fireEvent(Event.java:199)
	at javafx.graphics@24/javafx.scene.Scene$ClickGenerator.postProcess(Scene.java:3709)
	at javafx.graphics@24/javafx.scene.Scene$MouseHandler.process(Scene.java:4014)
	at javafx.graphics@24/javafx.scene.Scene.processMouseEvent(Scene.java:1934)
	at javafx.graphics@24/javafx.scene.Scene$ScenePeerListener.mouseEvent(Scene.java:2763)
	at javafx.graphics@24/com.sun.javafx.tk.quantum.GlassViewEventHandler$MouseEventNotification.get(GlassViewEventHandler.java:352)
	at javafx.graphics@24/com.sun.javafx.tk.quantum.GlassViewEventHandler$MouseEventNotification.get(GlassViewEventHandler.java:254)
	at javafx.graphics@24/com.sun.javafx.tk.quantum.QuantumToolkit.runWithoutRenderLock(QuantumToolkit.java:424)
	at javafx.graphics@24/com.sun.javafx.tk.quantum.GlassViewEventHandler.handleMouseEvent(GlassViewEventHandler.java:386)
	at javafx.graphics@24/com.sun.glass.ui.View.handleMouseEvent(View.java:560)
	at javafx.graphics@24/com.sun.glass.ui.View.notifyMouse(View.java:946)
	at javafx.graphics@24/com.sun.glass.ui.win.WinApplication._runLoop(Native Method)
	at javafx.graphics@24/com.sun.glass.ui.win.WinApplication.lambda$runLoop$0(WinApplication.java:168)
	at java.base/java.lang.Thread.run(Thread.java:1575)
[27-10-2025 20:43:02] [ERROR] [p.e.u.s.util.ViewLoader] Error al cambiar panel con controlador "/views/OrderPane.fxml"
javafx.fxml.LoadException: 
/C:/Users/javie/OneDrive/Documentos/NetBeansProjects/SistemaImprenta/target/classes/views/OrderPane.fxml

	at javafx.fxml@24/javafx.fxml.FXMLLoader.constructLoadException(FXMLLoader.java:2692)
	at javafx.fxml@24/javafx.fxml.FXMLLoader.loadImpl(FXMLLoader.java:2670)
	at javafx.fxml@24/javafx.fxml.FXMLLoader.loadImpl(FXMLLoader.java:2533)
	at javafx.fxml@24/javafx.fxml.FXMLLoader.load(FXMLLoader.java:2503)
	at pe.edu.utp.sistemaimprenta.util.ViewLoader.changeMainPanelGetController(ViewLoader.java:93)
	at pe.edu.utp.sistemaimprenta.controller.DashboardController.lambda$createSidebarItem$0(DashboardController.java:127)
	at javafx.base@24/com.sun.javafx.event.CompositeEventHandler.dispatchBubblingEvent(CompositeEventHandler.java:86)
	at javafx.base@24/com.sun.javafx.event.EventHandlerManager.dispatchBubblingEvent(EventHandlerManager.java:232)
	at javafx.base@24/com.sun.javafx.event.EventHandlerManager.dispatchBubblingEvent(EventHandlerManager.java:189)
	at javafx.base@24/com.sun.javafx.event.CompositeEventDispatcher.dispatchBubblingEvent(CompositeEventDispatcher.java:59)
	at javafx.base@24/com.sun.javafx.event.BasicEventDispatcher.dispatchEvent(BasicEventDispatcher.java:58)
	at javafx.base@24/com.sun.javafx.event.EventDispatchChainImpl.dispatchEvent(EventDispatchChainImpl.java:114)
	at javafx.base@24/com.sun.javafx.event.BasicEventDispatcher.dispatchEvent(BasicEventDispatcher.java:56)
	at javafx.base@24/com.sun.javafx.event.EventDispatchChainImpl.dispatchEvent(EventDispatchChainImpl.java:114)
	at javafx.base@24/com.sun.javafx.event.BasicEventDispatcher.dispatchEvent(BasicEventDispatcher.java:56)
	at javafx.base@24/com.sun.javafx.event.EventDispatchChainImpl.dispatchEvent(EventDispatchChainImpl.java:114)
	at javafx.base@24/com.sun.javafx.event.EventUtil.fireEventImpl(EventUtil.java:74)
	at javafx.base@24/com.sun.javafx.event.EventUtil.fireEvent(EventUtil.java:54)
	at javafx.base@24/javafx.event.Event.fireEvent(Event.java:199)
	at javafx.graphics@24/javafx.scene.Scene$ClickGenerator.postProcess(Scene.java:3709)
	at javafx.graphics@24/javafx.scene.Scene$MouseHandler.process(Scene.java:4014)
	at javafx.graphics@24/javafx.scene.Scene.processMouseEvent(Scene.java:1934)
	at javafx.graphics@24/javafx.scene.Scene$ScenePeerListener.mouseEvent(Scene.java:2763)
	at javafx.graphics@24/com.sun.javafx.tk.quantum.GlassViewEventHandler$MouseEventNotification.get(GlassViewEventHandler.java:352)
	at javafx.graphics@24/com.sun.javafx.tk.quantum.GlassViewEventHandler$MouseEventNotification.get(GlassViewEventHandler.java:254)
	at javafx.graphics@24/com.sun.javafx.tk.quantum.QuantumToolkit.runWithoutRenderLock(QuantumToolkit.java:424)
	at javafx.graphics@24/com.sun.javafx.tk.quantum.GlassViewEventHandler.handleMouseEvent(GlassViewEventHandler.java:386)
	at javafx.graphics@24/com.sun.glass.ui.View.handleMouseEvent(View.java:560)
	at javafx.graphics@24/com.sun.glass.ui.View.notifyMouse(View.java:946)
	at javafx.graphics@24/com.sun.glass.ui.win.WinApplication._runLoop(Native Method)
	at javafx.graphics@24/com.sun.glass.ui.win.WinApplication.lambda$runLoop$0(WinApplication.java:168)
	at java.base/java.lang.Thread.run(Thread.java:1575)
Caused by: java.lang.RuntimeException: Error al conectar con la base de datos
	at pe.edu.utp.sistemaimprenta.db.DBConnection.<init>(DBConnection.java:25)
	at pe.edu.utp.sistemaimprenta.db.DBConnection.getInstance(DBConnection.java:31)
	at pe.edu.utp.sistemaimprenta.dao.CustomerDao.getConnection(CustomerDao.java:18)
	at pe.edu.utp.sistemaimprenta.dao.CustomerDao.findAll(CustomerDao.java:103)
	at pe.edu.utp.sistemaimprenta.controller.OrderController.configurarCombos(OrderController.java:160)
	at pe.edu.utp.sistemaimprenta.controller.OrderController.initialize(OrderController.java:125)
	at javafx.fxml@24/javafx.fxml.FXMLLoader.loadImpl(FXMLLoader.java:2640)
	... 30 common frames omitted
Caused by: com.microsoft.sqlserver.jdbc.SQLServerException: No se pudo realizar la conexión TCP/IP al host BOULANGER, puerto 1433. Error: "Connection refused: getsockopt. Verifique las propiedades de conexión, compruebe que hay una instancia de SQL Server ejecutándose en el host y aceptando las conexiones TCP/IP en el puerto y compruebe que no hay ningún firewall bloqueando las conexiones TCP en el puerto.".
	at com.microsoft.sqlserver.jdbc.SQLServerException.makeFromDriverError(SQLServerException.java:248)
	at com.microsoft.sqlserver.jdbc.SQLServerException.convertConnectExceptionToSQLServerException(SQLServerException.java:314)
	at com.microsoft.sqlserver.jdbc.SocketFinder.findSocket(IOBuffer.java:2593)
	at com.microsoft.sqlserver.jdbc.TDSChannel.open(IOBuffer.java:721)
	at com.microsoft.sqlserver.jdbc.SQLServerConnection.connectHelper(SQLServerConnection.java:4073)
	at com.microsoft.sqlserver.jdbc.SQLServerConnection.login(SQLServerConnection.java:3690)
	at com.microsoft.sqlserver.jdbc.SQLServerConnection.connectInternal(SQLServerConnection.java:3499)
	at com.microsoft.sqlserver.jdbc.SQLServerConnection.connect(SQLServerConnection.java:2207)
	at com.microsoft.sqlserver.jdbc.SQLServerDriver.connect(SQLServerDriver.java:1320)
	at java.sql/java.sql.DriverManager.getConnection(DriverManager.java:682)
	at java.sql/java.sql.DriverManager.getConnection(DriverManager.java:230)
	at pe.edu.utp.sistemaimprenta.db.DBConnection.<init>(DBConnection.java:21)
	... 36 common frames omitted
[27-10-2025 20:44:54] [ERROR] [p.e.u.s.db.DBConnection] No se pudo establecer conexion con la base de datos
com.microsoft.sqlserver.jdbc.SQLServerException: No se pudo realizar la conexión TCP/IP al host BOULANGER, puerto 1433. Error: "Connection refused: getsockopt. Verifique las propiedades de conexión, compruebe que hay una instancia de SQL Server ejecutándose en el host y aceptando las conexiones TCP/IP en el puerto y compruebe que no hay ningún firewall bloqueando las conexiones TCP en el puerto.".
	at com.microsoft.sqlserver.jdbc.SQLServerException.makeFromDriverError(SQLServerException.java:248)
	at com.microsoft.sqlserver.jdbc.SQLServerException.convertConnectExceptionToSQLServerException(SQLServerException.java:314)
	at com.microsoft.sqlserver.jdbc.SocketFinder.findSocket(IOBuffer.java:2593)
	at com.microsoft.sqlserver.jdbc.TDSChannel.open(IOBuffer.java:721)
	at com.microsoft.sqlserver.jdbc.SQLServerConnection.connectHelper(SQLServerConnection.java:4073)
	at com.microsoft.sqlserver.jdbc.SQLServerConnection.login(SQLServerConnection.java:3690)
	at com.microsoft.sqlserver.jdbc.SQLServerConnection.connectInternal(SQLServerConnection.java:3499)
	at com.microsoft.sqlserver.jdbc.SQLServerConnection.connect(SQLServerConnection.java:2207)
	at com.microsoft.sqlserver.jdbc.SQLServerDriver.connect(SQLServerDriver.java:1320)
	at java.sql/java.sql.DriverManager.getConnection(DriverManager.java:682)
	at java.sql/java.sql.DriverManager.getConnection(DriverManager.java:230)
	at pe.edu.utp.sistemaimprenta.db.DBConnection.<init>(DBConnection.java:21)
	at pe.edu.utp.sistemaimprenta.db.DBConnection.getInstance(DBConnection.java:31)
	at pe.edu.utp.sistemaimprenta.dao.OrderDao.getConnection(OrderDao.java:16)
	at pe.edu.utp.sistemaimprenta.dao.OrderDao.findAll(OrderDao.java:89)
	at pe.edu.utp.sistemaimprenta.controller.OrderController.refrescarTabla(OrderController.java:270)
	at pe.edu.utp.sistemaimprenta.controller.OrderController.lambda$configurarBotones$12(OrderController.java:167)
	at javafx.base@24/com.sun.javafx.event.CompositeEventHandler.dispatchBubblingEvent(CompositeEventHandler.java:86)
	at javafx.base@24/com.sun.javafx.event.EventHandlerManager.dispatchBubblingEvent(EventHandlerManager.java:232)
	at javafx.base@24/com.sun.javafx.event.EventHandlerManager.dispatchBubblingEvent(EventHandlerManager.java:189)
	at javafx.base@24/com.sun.javafx.event.CompositeEventDispatcher.dispatchBubblingEvent(CompositeEventDispatcher.java:59)
	at javafx.base@24/com.sun.javafx.event.BasicEventDispatcher.dispatchEvent(BasicEventDispatcher.java:58)
	at javafx.base@24/com.sun.javafx.event.EventDispatchChainImpl.dispatchEvent(EventDispatchChainImpl.java:114)
	at javafx.base@24/com.sun.javafx.event.BasicEventDispatcher.dispatchEvent(BasicEventDispatcher.java:56)
	at javafx.base@24/com.sun.javafx.event.EventDispatchChainImpl.dispatchEvent(EventDispatchChainImpl.java:114)
	at javafx.base@24/com.sun.javafx.event.BasicEventDispatcher.dispatchEvent(BasicEventDispatcher.java:56)
	at javafx.base@24/com.sun.javafx.event.EventDispatchChainImpl.dispatchEvent(EventDispatchChainImpl.java:114)
	at javafx.base@24/com.sun.javafx.event.EventUtil.fireEventImpl(EventUtil.java:74)
	at javafx.base@24/com.sun.javafx.event.EventUtil.fireEvent(EventUtil.java:49)
	at javafx.base@24/javafx.event.Event.fireEvent(Event.java:199)
	at javafx.graphics@24/javafx.scene.Node.fireEvent(Node.java:9005)
	at javafx.controls@24/javafx.scene.control.Button.fire(Button.java:203)
	at javafx.controls@24/com.sun.javafx.scene.control.behavior.ButtonBehavior.mouseReleased(ButtonBehavior.java:207)
	at javafx.controls@24/com.sun.javafx.scene.control.inputmap.InputMap.handle(InputMap.java:274)
	at javafx.base@24/com.sun.javafx.event.CompositeEventHandler$NormalEventHandlerRecord.handleBubblingEvent(CompositeEventHandler.java:247)
	at javafx.base@24/com.sun.javafx.event.CompositeEventHandler.dispatchBubblingEvent(CompositeEventHandler.java:80)
	at javafx.base@24/com.sun.javafx.event.EventHandlerManager.dispatchBubblingEvent(EventHandlerManager.java:232)
	at javafx.base@24/com.sun.javafx.event.EventHandlerManager.dispatchBubblingEvent(EventHandlerManager.java:189)
	at javafx.base@24/com.sun.javafx.event.CompositeEventDispatcher.dispatchBubblingEvent(CompositeEventDispatcher.java:59)
	at javafx.base@24/com.sun.javafx.event.BasicEventDispatcher.dispatchEvent(BasicEventDispatcher.java:58)
	at javafx.base@24/com.sun.javafx.event.EventDispatchChainImpl.dispatchEvent(EventDispatchChainImpl.java:114)
	at javafx.base@24/com.sun.javafx.event.BasicEventDispatcher.dispatchEvent(BasicEventDispatcher.java:56)
	at javafx.base@24/com.sun.javafx.event.EventDispatchChainImpl.dispatchEvent(EventDispatchChainImpl.java:114)
	at javafx.base@24/com.sun.javafx.event.BasicEventDispatcher.dispatchEvent(BasicEventDispatcher.java:56)
	at javafx.base@24/com.sun.javafx.event.EventDispatchChainImpl.dispatchEvent(EventDispatchChainImpl.java:114)
	at javafx.base@24/com.sun.javafx.event.EventUtil.fireEventImpl(EventUtil.java:74)
	at javafx.base@24/com.sun.javafx.event.EventUtil.fireEvent(EventUtil.java:54)
	at javafx.base@24/javafx.event.Event.fireEvent(Event.java:199)
	at javafx.graphics@24/javafx.scene.Scene$MouseHandler.process(Scene.java:4005)
	at javafx.graphics@24/javafx.scene.Scene.processMouseEvent(Scene.java:1934)
	at javafx.graphics@24/javafx.scene.Scene$ScenePeerListener.mouseEvent(Scene.java:2763)
	at javafx.graphics@24/com.sun.javafx.tk.quantum.GlassViewEventHandler$MouseEventNotification.get(GlassViewEventHandler.java:352)
	at javafx.graphics@24/com.sun.javafx.tk.quantum.GlassViewEventHandler$MouseEventNotification.get(GlassViewEventHandler.java:254)
	at javafx.graphics@24/com.sun.javafx.tk.quantum.QuantumToolkit.runWithoutRenderLock(QuantumToolkit.java:424)
	at javafx.graphics@24/com.sun.javafx.tk.quantum.GlassViewEventHandler.handleMouseEvent(GlassViewEventHandler.java:386)
	at javafx.graphics@24/com.sun.glass.ui.View.handleMouseEvent(View.java:560)
	at javafx.graphics@24/com.sun.glass.ui.View.notifyMouse(View.java:946)
	at javafx.graphics@24/com.sun.glass.ui.win.WinApplication._runLoop(Native Method)
	at javafx.graphics@24/com.sun.glass.ui.win.WinApplication.lambda$runLoop$0(WinApplication.java:168)
	at java.base/java.lang.Thread.run(Thread.java:1575)
[27-10-2025 20:44:56] [ERROR] [p.e.u.s.db.DBConnection] No se pudo establecer conexion con la base de datos
com.microsoft.sqlserver.jdbc.SQLServerException: No se pudo realizar la conexión TCP/IP al host BOULANGER, puerto 1433. Error: "Connection refused: getsockopt. Verifique las propiedades de conexión, compruebe que hay una instancia de SQL Server ejecutándose en el host y aceptando las conexiones TCP/IP en el puerto y compruebe que no hay ningún firewall bloqueando las conexiones TCP en el puerto.".
	at com.microsoft.sqlserver.jdbc.SQLServerException.makeFromDriverError(SQLServerException.java:248)
	at com.microsoft.sqlserver.jdbc.SQLServerException.convertConnectExceptionToSQLServerException(SQLServerException.java:314)
	at com.microsoft.sqlserver.jdbc.SocketFinder.findSocket(IOBuffer.java:2593)
	at com.microsoft.sqlserver.jdbc.TDSChannel.open(IOBuffer.java:721)
	at com.microsoft.sqlserver.jdbc.SQLServerConnection.connectHelper(SQLServerConnection.java:4073)
	at com.microsoft.sqlserver.jdbc.SQLServerConnection.login(SQLServerConnection.java:3690)
	at com.microsoft.sqlserver.jdbc.SQLServerConnection.connectInternal(SQLServerConnection.java:3499)
	at com.microsoft.sqlserver.jdbc.SQLServerConnection.connect(SQLServerConnection.java:2207)
	at com.microsoft.sqlserver.jdbc.SQLServerDriver.connect(SQLServerDriver.java:1320)
	at java.sql/java.sql.DriverManager.getConnection(DriverManager.java:682)
	at java.sql/java.sql.DriverManager.getConnection(DriverManager.java:230)
	at pe.edu.utp.sistemaimprenta.db.DBConnection.<init>(DBConnection.java:21)
	at pe.edu.utp.sistemaimprenta.db.DBConnection.getInstance(DBConnection.java:31)
	at pe.edu.utp.sistemaimprenta.dao.OrderDao.getConnection(OrderDao.java:16)
	at pe.edu.utp.sistemaimprenta.dao.OrderDao.findAll(OrderDao.java:89)
	at pe.edu.utp.sistemaimprenta.controller.OrderController.refrescarTabla(OrderController.java:270)
	at pe.edu.utp.sistemaimprenta.controller.OrderController.lambda$configurarBotones$12(OrderController.java:167)
	at javafx.base@24/com.sun.javafx.event.CompositeEventHandler.dispatchBubblingEvent(CompositeEventHandler.java:86)
	at javafx.base@24/com.sun.javafx.event.EventHandlerManager.dispatchBubblingEvent(EventHandlerManager.java:232)
	at javafx.base@24/com.sun.javafx.event.EventHandlerManager.dispatchBubblingEvent(EventHandlerManager.java:189)
	at javafx.base@24/com.sun.javafx.event.CompositeEventDispatcher.dispatchBubblingEvent(CompositeEventDispatcher.java:59)
	at javafx.base@24/com.sun.javafx.event.BasicEventDispatcher.dispatchEvent(BasicEventDispatcher.java:58)
	at javafx.base@24/com.sun.javafx.event.EventDispatchChainImpl.dispatchEvent(EventDispatchChainImpl.java:114)
	at javafx.base@24/com.sun.javafx.event.BasicEventDispatcher.dispatchEvent(BasicEventDispatcher.java:56)
	at javafx.base@24/com.sun.javafx.event.EventDispatchChainImpl.dispatchEvent(EventDispatchChainImpl.java:114)
	at javafx.base@24/com.sun.javafx.event.BasicEventDispatcher.dispatchEvent(BasicEventDispatcher.java:56)
	at javafx.base@24/com.sun.javafx.event.EventDispatchChainImpl.dispatchEvent(EventDispatchChainImpl.java:114)
	at javafx.base@24/com.sun.javafx.event.EventUtil.fireEventImpl(EventUtil.java:74)
	at javafx.base@24/com.sun.javafx.event.EventUtil.fireEvent(EventUtil.java:49)
	at javafx.base@24/javafx.event.Event.fireEvent(Event.java:199)
	at javafx.graphics@24/javafx.scene.Node.fireEvent(Node.java:9005)
	at javafx.controls@24/javafx.scene.control.Button.fire(Button.java:203)
	at javafx.controls@24/com.sun.javafx.scene.control.behavior.ButtonBehavior.mouseReleased(ButtonBehavior.java:207)
	at javafx.controls@24/com.sun.javafx.scene.control.inputmap.InputMap.handle(InputMap.java:274)
	at javafx.base@24/com.sun.javafx.event.CompositeEventHandler$NormalEventHandlerRecord.handleBubblingEvent(CompositeEventHandler.java:247)
	at javafx.base@24/com.sun.javafx.event.CompositeEventHandler.dispatchBubblingEvent(CompositeEventHandler.java:80)
	at javafx.base@24/com.sun.javafx.event.EventHandlerManager.dispatchBubblingEvent(EventHandlerManager.java:232)
	at javafx.base@24/com.sun.javafx.event.EventHandlerManager.dispatchBubblingEvent(EventHandlerManager.java:189)
	at javafx.base@24/com.sun.javafx.event.CompositeEventDispatcher.dispatchBubblingEvent(CompositeEventDispatcher.java:59)
	at javafx.base@24/com.sun.javafx.event.BasicEventDispatcher.dispatchEvent(BasicEventDispatcher.java:58)
	at javafx.base@24/com.sun.javafx.event.EventDispatchChainImpl.dispatchEvent(EventDispatchChainImpl.java:114)
	at javafx.base@24/com.sun.javafx.event.BasicEventDispatcher.dispatchEvent(BasicEventDispatcher.java:56)
	at javafx.base@24/com.sun.javafx.event.EventDispatchChainImpl.dispatchEvent(EventDispatchChainImpl.java:114)
	at javafx.base@24/com.sun.javafx.event.BasicEventDispatcher.dispatchEvent(BasicEventDispatcher.java:56)
	at javafx.base@24/com.sun.javafx.event.EventDispatchChainImpl.dispatchEvent(EventDispatchChainImpl.java:114)
	at javafx.base@24/com.sun.javafx.event.EventUtil.fireEventImpl(EventUtil.java:74)
	at javafx.base@24/com.sun.javafx.event.EventUtil.fireEvent(EventUtil.java:54)
	at javafx.base@24/javafx.event.Event.fireEvent(Event.java:199)
	at javafx.graphics@24/javafx.scene.Scene$MouseHandler.process(Scene.java:4005)
	at javafx.graphics@24/javafx.scene.Scene.processMouseEvent(Scene.java:1934)
	at javafx.graphics@24/javafx.scene.Scene$ScenePeerListener.mouseEvent(Scene.java:2763)
	at javafx.graphics@24/com.sun.javafx.tk.quantum.GlassViewEventHandler$MouseEventNotification.get(GlassViewEventHandler.java:352)
	at javafx.graphics@24/com.sun.javafx.tk.quantum.GlassViewEventHandler$MouseEventNotification.get(GlassViewEventHandler.java:254)
	at javafx.graphics@24/com.sun.javafx.tk.quantum.QuantumToolkit.runWithoutRenderLock(QuantumToolkit.java:424)
	at javafx.graphics@24/com.sun.javafx.tk.quantum.GlassViewEventHandler.handleMouseEvent(GlassViewEventHandler.java:386)
	at javafx.graphics@24/com.sun.glass.ui.View.handleMouseEvent(View.java:560)
	at javafx.graphics@24/com.sun.glass.ui.View.notifyMouse(View.java:946)
	at javafx.graphics@24/com.sun.glass.ui.win.WinApplication._runLoop(Native Method)
	at javafx.graphics@24/com.sun.glass.ui.win.WinApplication.lambda$runLoop$0(WinApplication.java:168)
	at java.base/java.lang.Thread.run(Thread.java:1575)
[27-10-2025 20:45:04] [ERROR] [p.e.u.s.db.DBConnection] No se pudo establecer conexion con la base de datos
com.microsoft.sqlserver.jdbc.SQLServerException: No se pudo realizar la conexión TCP/IP al host BOULANGER, puerto 1433. Error: "Connection refused: getsockopt. Verifique las propiedades de conexión, compruebe que hay una instancia de SQL Server ejecutándose en el host y aceptando las conexiones TCP/IP en el puerto y compruebe que no hay ningún firewall bloqueando las conexiones TCP en el puerto.".
	at com.microsoft.sqlserver.jdbc.SQLServerException.makeFromDriverError(SQLServerException.java:248)
	at com.microsoft.sqlserver.jdbc.SQLServerException.convertConnectExceptionToSQLServerException(SQLServerException.java:314)
	at com.microsoft.sqlserver.jdbc.SocketFinder.findSocket(IOBuffer.java:2593)
	at com.microsoft.sqlserver.jdbc.TDSChannel.open(IOBuffer.java:721)
	at com.microsoft.sqlserver.jdbc.SQLServerConnection.connectHelper(SQLServerConnection.java:4073)
	at com.microsoft.sqlserver.jdbc.SQLServerConnection.login(SQLServerConnection.java:3690)
	at com.microsoft.sqlserver.jdbc.SQLServerConnection.connectInternal(SQLServerConnection.java:3499)
	at com.microsoft.sqlserver.jdbc.SQLServerConnection.connect(SQLServerConnection.java:2207)
	at com.microsoft.sqlserver.jdbc.SQLServerDriver.connect(SQLServerDriver.java:1320)
	at java.sql/java.sql.DriverManager.getConnection(DriverManager.java:682)
	at java.sql/java.sql.DriverManager.getConnection(DriverManager.java:230)
	at pe.edu.utp.sistemaimprenta.db.DBConnection.<init>(DBConnection.java:21)
	at pe.edu.utp.sistemaimprenta.db.DBConnection.getInstance(DBConnection.java:31)
	at pe.edu.utp.sistemaimprenta.dao.OrderDao.getConnection(OrderDao.java:16)
	at pe.edu.utp.sistemaimprenta.dao.OrderDao.findAll(OrderDao.java:89)
	at pe.edu.utp.sistemaimprenta.controller.OrderController.refrescarTabla(OrderController.java:270)
	at pe.edu.utp.sistemaimprenta.controller.OrderController.buscarPedido(OrderController.java:278)
	at pe.edu.utp.sistemaimprenta.controller.OrderController.lambda$configurarBotones$11(OrderController.java:166)
	at javafx.base@24/com.sun.javafx.event.CompositeEventHandler.dispatchBubblingEvent(CompositeEventHandler.java:86)
	at javafx.base@24/com.sun.javafx.event.EventHandlerManager.dispatchBubblingEvent(EventHandlerManager.java:232)
	at javafx.base@24/com.sun.javafx.event.EventHandlerManager.dispatchBubblingEvent(EventHandlerManager.java:189)
	at javafx.base@24/com.sun.javafx.event.CompositeEventDispatcher.dispatchBubblingEvent(CompositeEventDispatcher.java:59)
	at javafx.base@24/com.sun.javafx.event.BasicEventDispatcher.dispatchEvent(BasicEventDispatcher.java:58)
	at javafx.base@24/com.sun.javafx.event.EventDispatchChainImpl.dispatchEvent(EventDispatchChainImpl.java:114)
	at javafx.base@24/com.sun.javafx.event.BasicEventDispatcher.dispatchEvent(BasicEventDispatcher.java:56)
	at javafx.base@24/com.sun.javafx.event.EventDispatchChainImpl.dispatchEvent(EventDispatchChainImpl.java:114)
	at javafx.base@24/com.sun.javafx.event.BasicEventDispatcher.dispatchEvent(BasicEventDispatcher.java:56)
	at javafx.base@24/com.sun.javafx.event.EventDispatchChainImpl.dispatchEvent(EventDispatchChainImpl.java:114)
	at javafx.base@24/com.sun.javafx.event.EventUtil.fireEventImpl(EventUtil.java:74)
	at javafx.base@24/com.sun.javafx.event.EventUtil.fireEvent(EventUtil.java:54)
	at javafx.base@24/javafx.event.Event.fireEvent(Event.java:199)
	at javafx.graphics@24/javafx.scene.Scene$ClickGenerator.postProcess(Scene.java:3709)
	at javafx.graphics@24/javafx.scene.Scene$MouseHandler.process(Scene.java:4014)
	at javafx.graphics@24/javafx.scene.Scene.processMouseEvent(Scene.java:1934)
	at javafx.graphics@24/javafx.scene.Scene$ScenePeerListener.mouseEvent(Scene.java:2763)
	at javafx.graphics@24/com.sun.javafx.tk.quantum.GlassViewEventHandler$MouseEventNotification.get(GlassViewEventHandler.java:352)
	at javafx.graphics@24/com.sun.javafx.tk.quantum.GlassViewEventHandler$MouseEventNotification.get(GlassViewEventHandler.java:254)
	at javafx.graphics@24/com.sun.javafx.tk.quantum.QuantumToolkit.runWithoutRenderLock(QuantumToolkit.java:424)
	at javafx.graphics@24/com.sun.javafx.tk.quantum.GlassViewEventHandler.handleMouseEvent(GlassViewEventHandler.java:386)
	at javafx.graphics@24/com.sun.glass.ui.View.handleMouseEvent(View.java:560)
	at javafx.graphics@24/com.sun.glass.ui.View.notifyMouse(View.java:946)
	at javafx.graphics@24/com.sun.glass.ui.win.WinApplication._runLoop(Native Method)
	at javafx.graphics@24/com.sun.glass.ui.win.WinApplication.lambda$runLoop$0(WinApplication.java:168)
	at java.base/java.lang.Thread.run(Thread.java:1575)
