[15-10-2025 13:28:55] [INFO] Se ha establecido conexión con la base de datos
[15-10-2025 13:30:25] [ERROR] Error al cambiar panel "/views/Peliculas.fxml" | java.io.IOException: No se encontró el archivo FXML: /views/Peliculas.fxml
[15-10-2025 13:31:59] [INFO] Se ha establecido conexión con la base de datos
[15-10-2025 13:32:00] [ERROR] No se pudó cargar la barra lateral | java.lang.NullPointerException: Input stream must not be null
[15-10-2025 13:32:00] [ERROR] No se pudó cargar la barra lateral | java.lang.NullPointerException: Input stream must not be null
[15-10-2025 13:32:09] [ERROR] Error al cambiar panel "/views/Peliculas.fxml" | java.io.IOException: No se encontró el archivo FXML: /views/Peliculas.fxml
[15-10-2025 13:32:10] [ERROR] Error al cambiar panel "/views/Peliculas.fxml" | java.io.IOException: No se encontró el archivo FXML: /views/Peliculas.fxml
[15-10-2025 13:32:11] [ERROR] Error al cambiar panel "/views/Peliculas.fxml" | java.io.IOException: No se encontró el archivo FXML: /views/Peliculas.fxml
[15-10-2025 13:33:08] [INFO] Se ha establecido conexión con la base de datos
[15-10-2025 22:02:29] [INFO] Se ha establecido conexión con la base de datos
[16-10-2025 21:07:22] [ERROR] No se pudo establecer conexion con la base de datos | com.microsoft.sqlserver.jdbc.SQLServerException: No se pudo realizar la conexión TCP/IP al host BOULANGER, puerto 1433. Error: "Connection refused: getsockopt. Verifique las propiedades de conexión, compruebe que hay una instancia de SQL Server ejecutándose en el host y aceptando las conexiones TCP/IP en el puerto y compruebe que no hay ningún firewall bloqueando las conexiones TCP en el puerto.".
[16-10-2025 21:07:22] [ERROR] Error al cambiar panel "/views/CustomersPane.fxml" | javafx.fxml.LoadException: 
/C:/Users/javie/OneDrive/Documentos/NetBeansProjects/SistemaImprenta/target/classes/views/CustomersPane.fxml

[16-10-2025 21:07:31] [ERROR] No se pudo establecer conexion con la base de datos | com.microsoft.sqlserver.jdbc.SQLServerException: No se pudo realizar la conexión TCP/IP al host BOULANGER, puerto 1433. Error: "Connection refused: getsockopt. Verifique las propiedades de conexión, compruebe que hay una instancia de SQL Server ejecutándose en el host y aceptando las conexiones TCP/IP en el puerto y compruebe que no hay ningún firewall bloqueando las conexiones TCP en el puerto.".
[16-10-2025 21:07:31] [ERROR] Error al cambiar panel "/views/UsersPane.fxml" | javafx.fxml.LoadException: 
/C:/Users/javie/OneDrive/Documentos/NetBeansProjects/SistemaImprenta/target/classes/views/UsersPane.fxml

[16-10-2025 21:07:35] [ERROR] No se pudo establecer conexion con la base de datos | com.microsoft.sqlserver.jdbc.SQLServerException: No se pudo realizar la conexión TCP/IP al host BOULANGER, puerto 1433. Error: "Connection refused: getsockopt. Verifique las propiedades de conexión, compruebe que hay una instancia de SQL Server ejecutándose en el host y aceptando las conexiones TCP/IP en el puerto y compruebe que no hay ningún firewall bloqueando las conexiones TCP en el puerto.".
[16-10-2025 21:07:35] [ERROR] Error al cambiar panel "/views/CustomersPane.fxml" | javafx.fxml.LoadException: 
/C:/Users/javie/OneDrive/Documentos/NetBeansProjects/SistemaImprenta/target/classes/views/CustomersPane.fxml

[16-10-2025 21:07:40] [ERROR] No se pudo establecer conexion con la base de datos | com.microsoft.sqlserver.jdbc.SQLServerException: No se pudo realizar la conexión TCP/IP al host BOULANGER, puerto 1433. Error: "Connection refused: getsockopt. Verifique las propiedades de conexión, compruebe que hay una instancia de SQL Server ejecutándose en el host y aceptando las conexiones TCP/IP en el puerto y compruebe que no hay ningún firewall bloqueando las conexiones TCP en el puerto.".
[16-10-2025 21:07:40] [ERROR] Error al cambiar panel "/views/UsersPane.fxml" | javafx.fxml.LoadException: 
/C:/Users/javie/OneDrive/Documentos/NetBeansProjects/SistemaImprenta/target/classes/views/UsersPane.fxml

[16-10-2025 21:52:19] [ERROR] Error al abrir ventana con controlador "/views/DashboardView.fxml" | javafx.fxml.LoadException: 
/C:/Users/javie/OneDrive/Documentos/NetBeansProjects/SistemaImprenta/target/classes/views/DashboardView.fxml

[16-10-2025 21:56:55] [ERROR] No se pudo establecer conexion con la base de datos | com.microsoft.sqlserver.jdbc.SQLServerException: No se pudo realizar la conexión TCP/IP al host BOULANGER, puerto 1433. Error: "Connection refused: getsockopt. Verifique las propiedades de conexión, compruebe que hay una instancia de SQL Server ejecutándose en el host y aceptando las conexiones TCP/IP en el puerto y compruebe que no hay ningún firewall bloqueando las conexiones TCP en el puerto.".
[16-10-2025 21:56:55] [ERROR] Error al cambiar panel "/views/CustomersPane.fxml" | javafx.fxml.LoadException: 
/C:/Users/javie/OneDrive/Documentos/NetBeansProjects/SistemaImprenta/target/classes/views/CustomersPane.fxml

[16-10-2025 21:57:14] [ERROR] No se pudo establecer conexion con la base de datos | com.microsoft.sqlserver.jdbc.SQLServerException: No se pudo realizar la conexión TCP/IP al host BOULANGER, puerto 1433. Error: "Connection refused: getsockopt. Verifique las propiedades de conexión, compruebe que hay una instancia de SQL Server ejecutándose en el host y aceptando las conexiones TCP/IP en el puerto y compruebe que no hay ningún firewall bloqueando las conexiones TCP en el puerto.".
[16-10-2025 21:57:14] [ERROR] Error al cambiar panel "/views/UsersPane.fxml" | javafx.fxml.LoadException: 
/C:/Users/javie/OneDrive/Documentos/NetBeansProjects/SistemaImprenta/target/classes/views/UsersPane.fxml

[16-10-2025 21:57:14] [ERROR] Error al cambiar panel "/views/Peliculas.fxml" | java.io.IOException: No se encontró el archivo FXML: /views/Peliculas.fxml
[16-10-2025 21:57:18] [ERROR] Error al cambiar panel "/views/Peliculas.fxml" | java.io.IOException: No se encontró el archivo FXML: /views/Peliculas.fxml
[16-10-2025 21:57:19] [ERROR] Error al cambiar panel "/views/Peliculas.fxml" | java.io.IOException: No se encontró el archivo FXML: /views/Peliculas.fxml
[16-10-2025 21:57:20] [ERROR] Error al cambiar panel "/views/Peliculas.fxml" | java.io.IOException: No se encontró el archivo FXML: /views/Peliculas.fxml
[16-10-2025 21:57:20] [ERROR] Error al cambiar panel "/views/Peliculas.fxml" | java.io.IOException: No se encontró el archivo FXML: /views/Peliculas.fxml
[16-10-2025 21:57:21] [ERROR] Error al cambiar panel "/views/Peliculas.fxml" | java.io.IOException: No se encontró el archivo FXML: /views/Peliculas.fxml
[16-10-2025 21:57:23] [ERROR] Error al cambiar panel "/views/Peliculas.fxml" | java.io.IOException: No se encontró el archivo FXML: /views/Peliculas.fxml
[16-10-2025 21:57:23] [ERROR] Error al cambiar panel "/views/Peliculas.fxml" | java.io.IOException: No se encontró el archivo FXML: /views/Peliculas.fxml
[16-10-2025 21:57:24] [ERROR] Error al cambiar panel "/views/Peliculas.fxml" | java.io.IOException: No se encontró el archivo FXML: /views/Peliculas.fxml
[17-10-2025 22:02:52] [ERROR] No se pudo establecer conexion con la base de datos | com.microsoft.sqlserver.jdbc.SQLServerException: No se pudo realizar la conexión TCP/IP al host BOULANGER, puerto 1433. Error: "Connection refused: getsockopt. Verifique las propiedades de conexión, compruebe que hay una instancia de SQL Server ejecutándose en el host y aceptando las conexiones TCP/IP en el puerto y compruebe que no hay ningún firewall bloqueando las conexiones TCP en el puerto.".
[17-10-2025 22:02:52] [ERROR] Error al cambiar panel "/views/CustomersPane.fxml" | javafx.fxml.LoadException: 
/C:/Users/javie/OneDrive/Documentos/NetBeansProjects/SistemaImprenta/target/classes/views/CustomersPane.fxml

[17-10-2025 22:02:56] [ERROR] No se pudo establecer conexion con la base de datos | com.microsoft.sqlserver.jdbc.SQLServerException: No se pudo realizar la conexión TCP/IP al host BOULANGER, puerto 1433. Error: "Connection refused: getsockopt. Verifique las propiedades de conexión, compruebe que hay una instancia de SQL Server ejecutándose en el host y aceptando las conexiones TCP/IP en el puerto y compruebe que no hay ningún firewall bloqueando las conexiones TCP en el puerto.".
[17-10-2025 22:02:56] [ERROR] Error al cambiar panel "/views/UsersPane.fxml" | javafx.fxml.LoadException: 
/C:/Users/javie/OneDrive/Documentos/NetBeansProjects/SistemaImprenta/target/classes/views/UsersPane.fxml

[17-10-2025 22:02:59] [ERROR] Error al cambiar panel "/views/Peliculas.fxml" | java.io.IOException: No se encontró el archivo FXML: /views/Peliculas.fxml
[17-10-2025 22:03:02] [ERROR] No se pudo establecer conexion con la base de datos | com.microsoft.sqlserver.jdbc.SQLServerException: No se pudo realizar la conexión TCP/IP al host BOULANGER, puerto 1433. Error: "Connection refused: getsockopt. Verifique las propiedades de conexión, compruebe que hay una instancia de SQL Server ejecutándose en el host y aceptando las conexiones TCP/IP en el puerto y compruebe que no hay ningún firewall bloqueando las conexiones TCP en el puerto.".
[17-10-2025 22:03:02] [ERROR] Error al cambiar panel "/views/UsersPane.fxml" | javafx.fxml.LoadException: 
/C:/Users/javie/OneDrive/Documentos/NetBeansProjects/SistemaImprenta/target/classes/views/UsersPane.fxml

[17-10-2025 22:03:07] [ERROR] Error al cambiar panel "/views/Peliculas.fxml" | java.io.IOException: No se encontró el archivo FXML: /views/Peliculas.fxml
[17-10-2025 22:03:10] [ERROR] No se pudo establecer conexion con la base de datos | com.microsoft.sqlserver.jdbc.SQLServerException: No se pudo realizar la conexión TCP/IP al host BOULANGER, puerto 1433. Error: "Connection refused: getsockopt. Verifique las propiedades de conexión, compruebe que hay una instancia de SQL Server ejecutándose en el host y aceptando las conexiones TCP/IP en el puerto y compruebe que no hay ningún firewall bloqueando las conexiones TCP en el puerto.".
[17-10-2025 22:03:10] [ERROR] Error al cambiar panel "/views/UsersPane.fxml" | javafx.fxml.LoadException: 
/C:/Users/javie/OneDrive/Documentos/NetBeansProjects/SistemaImprenta/target/classes/views/UsersPane.fxml

[17-10-2025 22:07:27] [ERROR] No se pudo establecer conexion con la base de datos | com.microsoft.sqlserver.jdbc.SQLServerException: No se pudo realizar la conexión TCP/IP al host BOULANGER, puerto 1433. Error: "Connection refused: getsockopt. Verifique las propiedades de conexión, compruebe que hay una instancia de SQL Server ejecutándose en el host y aceptando las conexiones TCP/IP en el puerto y compruebe que no hay ningún firewall bloqueando las conexiones TCP en el puerto.".
[17-10-2025 22:07:32] [ERROR] No se pudo establecer conexion con la base de datos | com.microsoft.sqlserver.jdbc.SQLServerException: No se pudo realizar la conexión TCP/IP al host BOULANGER, puerto 1433. Error: "Connection refused: getsockopt. Verifique las propiedades de conexión, compruebe que hay una instancia de SQL Server ejecutándose en el host y aceptando las conexiones TCP/IP en el puerto y compruebe que no hay ningún firewall bloqueando las conexiones TCP en el puerto.".
[17-10-2025 22:07:42] [ERROR] No se pudo establecer conexion con la base de datos | com.microsoft.sqlserver.jdbc.SQLServerException: No se pudo realizar la conexión TCP/IP al host BOULANGER, puerto 1433. Error: "Connection refused: getsockopt. Verifique las propiedades de conexión, compruebe que hay una instancia de SQL Server ejecutándose en el host y aceptando las conexiones TCP/IP en el puerto y compruebe que no hay ningún firewall bloqueando las conexiones TCP en el puerto.".
[17-10-2025 22:07:58] [ERROR] No se pudo establecer conexion con la base de datos | com.microsoft.sqlserver.jdbc.SQLServerException: No se pudo realizar la conexión TCP/IP al host BOULANGER, puerto 1433. Error: "Connection refused: getsockopt. Verifique las propiedades de conexión, compruebe que hay una instancia de SQL Server ejecutándose en el host y aceptando las conexiones TCP/IP en el puerto y compruebe que no hay ningún firewall bloqueando las conexiones TCP en el puerto.".
[17-10-2025 22:08:03] [ERROR] No se pudo establecer conexion con la base de datos | com.microsoft.sqlserver.jdbc.SQLServerException: No se pudo realizar la conexión TCP/IP al host BOULANGER, puerto 1433. Error: "Connection refused: getsockopt. Verifique las propiedades de conexión, compruebe que hay una instancia de SQL Server ejecutándose en el host y aceptando las conexiones TCP/IP en el puerto y compruebe que no hay ningún firewall bloqueando las conexiones TCP en el puerto.".
[17-10-2025 22:08:21] [ERROR] No se pudo establecer conexion con la base de datos | com.microsoft.sqlserver.jdbc.SQLServerException: No se pudo realizar la conexión TCP/IP al host BOULANGER, puerto 1433. Error: "Connection refused: getsockopt. Verifique las propiedades de conexión, compruebe que hay una instancia de SQL Server ejecutándose en el host y aceptando las conexiones TCP/IP en el puerto y compruebe que no hay ningún firewall bloqueando las conexiones TCP en el puerto.".
[17-10-2025 22:10:54] [INFO] Se ha establecido conexión con la base de datos
[17-10-2025 22:11:09] [ERROR] Error al cambiar panel "/views/Peliculas.fxml" | java.io.IOException: No se encontró el archivo FXML: /views/Peliculas.fxml
[17-10-2025 22:12:50] [INFO] Se ha establecido conexión con la base de datos
[17-10-2025 22:14:59] [INFO] Se ha establecido conexión con la base de datos
